Compiled application.js  (8ms)  (pid 4099)
Compiled jquery.js  (71ms)  (pid 4099)
Compiled jquery_ujs.js  (0ms)  (pid 4099)
Compiled books.js  (216ms)  (pid 4099)
Compiled pages.js  (181ms)  (pid 4099)
Compiled sessions.js  (170ms)  (pid 4099)
Compiled users.js  (192ms)  (pid 4099)
Compiled application.css  (22ms)  (pid 4099)
Compiled blueprint/ie.css  (111ms)  (pid 4099)
Compiled blueprint/plugins/buttons/screen.css  (1ms)  (pid 4099)
Compiled blueprint/plugins/fancy-type/screen.css  (0ms)  (pid 4099)
Compiled blueprint/plugins/link-icons/screen.css  (1ms)  (pid 4099)
Compiled blueprint/plugins/rtl/screen.css  (0ms)  (pid 4099)
Compiled blueprint/print.css  (0ms)  (pid 4099)
Compiled blueprint/screen.css  (1ms)  (pid 4099)
Compiled blueprint/src/forms.css  (1ms)  (pid 4099)
Compiled blueprint/src/grid.css  (0ms)  (pid 4099)
Compiled blueprint/src/ie.css  (0ms)  (pid 4099)
Compiled blueprint/src/print.css  (2ms)  (pid 4099)
Compiled blueprint/src/reset.css  (0ms)  (pid 4099)
Compiled blueprint/src/typography.css  (0ms)  (pid 4099)
Compiled books.css  (29ms)  (pid 4099)
Compiled custom.css  (0ms)  (pid 4099)
Compiled pages.css  (2ms)  (pid 4099)
Compiled scaffolds.css  (55ms)  (pid 4099)
Compiled sessions.css  (3ms)  (pid 4099)
Compiled users.css  (3ms)  (pid 4099)
Compiled application.js  (15ms)  (pid 4081)
Compiled jquery.js  (8ms)  (pid 4081)
Compiled jquery_ujs.js  (1ms)  (pid 4081)
Compiled books.js  (268ms)  (pid 4081)
Compiled pages.js  (183ms)  (pid 4081)
Compiled sessions.js  (285ms)  (pid 4081)
Compiled users.js  (405ms)  (pid 4081)
Compiled application.css  (33ms)  (pid 4081)
Compiled blueprint/ie.css  (0ms)  (pid 4081)
Compiled blueprint/plugins/buttons/screen.css  (1ms)  (pid 4081)
Compiled blueprint/plugins/fancy-type/screen.css  (0ms)  (pid 4081)
Compiled blueprint/plugins/link-icons/screen.css  (0ms)  (pid 4081)
Compiled blueprint/plugins/rtl/screen.css  (1ms)  (pid 4081)
Compiled blueprint/print.css  (2ms)  (pid 4081)
Compiled blueprint/screen.css  (2ms)  (pid 4081)
Compiled blueprint/src/forms.css  (0ms)  (pid 4081)
Compiled blueprint/src/grid.css  (0ms)  (pid 4081)
Compiled blueprint/src/ie.css  (1ms)  (pid 4081)
Compiled blueprint/src/print.css  (0ms)  (pid 4081)
Compiled blueprint/src/reset.css  (0ms)  (pid 4081)
Compiled blueprint/src/typography.css  (0ms)  (pid 4081)
Compiled books.css  (136ms)  (pid 4081)
Compiled custom.css  (1ms)  (pid 4081)
Compiled pages.css  (7ms)  (pid 4081)
Compiled scaffolds.css  (54ms)  (pid 4081)
Compiled sessions.css  (6ms)  (pid 4081)
Compiled users.css  (2ms)  (pid 4081)
Compiled application.js  (10ms)  (pid 4147)
Compiled jquery.js  (125ms)  (pid 4147)
Compiled jquery_ujs.js  (1ms)  (pid 4147)
Compiled books.js  (246ms)  (pid 4147)
Compiled pages.js  (516ms)  (pid 4147)
Compiled sessions.js  (176ms)  (pid 4147)
Compiled users.js  (295ms)  (pid 4147)
Compiled application.css  (52ms)  (pid 4147)
Compiled blueprint/ie.css  (12ms)  (pid 4147)
Compiled blueprint/plugins/buttons/screen.css  (0ms)  (pid 4147)
Compiled blueprint/plugins/fancy-type/screen.css  (8ms)  (pid 4147)
Compiled blueprint/plugins/link-icons/screen.css  (0ms)  (pid 4147)
Compiled blueprint/plugins/rtl/screen.css  (1ms)  (pid 4147)
Compiled blueprint/print.css  (0ms)  (pid 4147)
Compiled blueprint/screen.css  (0ms)  (pid 4147)
Compiled blueprint/src/forms.css  (0ms)  (pid 4147)
Compiled blueprint/src/grid.css  (7ms)  (pid 4147)
Compiled blueprint/src/ie.css  (4ms)  (pid 4147)
Compiled blueprint/src/print.css  (4ms)  (pid 4147)
Compiled blueprint/src/reset.css  (1ms)  (pid 4147)
Compiled blueprint/src/typography.css  (7ms)  (pid 4147)
Compiled books.css  (45ms)  (pid 4147)
Compiled custom.css  (1ms)  (pid 4147)
Compiled pages.css  (10ms)  (pid 4147)
Compiled scaffolds.css  (30ms)  (pid 4147)
Compiled sessions.css  (3ms)  (pid 4147)
Compiled users.css  (7ms)  (pid 4147)
Compiled application.js  (474ms)  (pid 4135)
Compiled jquery.js  (28ms)  (pid 4135)
Compiled jquery_ujs.js  (0ms)  (pid 4135)
Compiled books.js  (328ms)  (pid 4135)
Compiled pages.js  (246ms)  (pid 4135)
Compiled sessions.js  (240ms)  (pid 4135)
Compiled users.js  (276ms)  (pid 4135)
Compiled application.css  (24ms)  (pid 4135)
Compiled blueprint/ie.css  (0ms)  (pid 4135)
Compiled blueprint/plugins/buttons/screen.css  (0ms)  (pid 4135)
Compiled blueprint/plugins/fancy-type/screen.css  (0ms)  (pid 4135)
Compiled blueprint/plugins/link-icons/screen.css  (0ms)  (pid 4135)
Compiled blueprint/plugins/rtl/screen.css  (0ms)  (pid 4135)
Compiled blueprint/print.css  (0ms)  (pid 4135)
Compiled blueprint/screen.css  (1ms)  (pid 4135)
Compiled blueprint/src/forms.css  (0ms)  (pid 4135)
Compiled blueprint/src/grid.css  (1ms)  (pid 4135)
Compiled blueprint/src/ie.css  (0ms)  (pid 4135)
Compiled blueprint/src/print.css  (1ms)  (pid 4135)
Compiled blueprint/src/reset.css  (1ms)  (pid 4135)
Compiled blueprint/src/typography.css  (0ms)  (pid 4135)
Compiled books.css  (24ms)  (pid 4135)
Compiled custom.css  (0ms)  (pid 4135)
Compiled pages.css  (3ms)  (pid 4135)
Compiled scaffolds.css  (45ms)  (pid 4135)
Compiled sessions.css  (2ms)  (pid 4135)
Compiled users.css  (2ms)  (pid 4135)
Compiled application.js  (7ms)  (pid 4456)
Compiled jquery.js  (60ms)  (pid 4456)
Compiled jquery_ujs.js  (0ms)  (pid 4456)
Compiled books.js  (202ms)  (pid 4456)
Compiled pages.js  (156ms)  (pid 4456)
Compiled sessions.js  (134ms)  (pid 4456)
Compiled users.js  (195ms)  (pid 4456)
Compiled application.css  (23ms)  (pid 4456)
Compiled blueprint/ie.css  (0ms)  (pid 4456)
Compiled blueprint/plugins/buttons/screen.css  (0ms)  (pid 4456)
Compiled blueprint/plugins/fancy-type/screen.css  (1ms)  (pid 4456)
Compiled blueprint/plugins/link-icons/screen.css  (0ms)  (pid 4456)
Compiled blueprint/plugins/rtl/screen.css  (0ms)  (pid 4456)
Compiled blueprint/print.css  (0ms)  (pid 4456)
Compiled blueprint/screen.css  (0ms)  (pid 4456)
Compiled blueprint/src/forms.css  (1ms)  (pid 4456)
Compiled blueprint/src/grid.css  (0ms)  (pid 4456)
Compiled blueprint/src/ie.css  (0ms)  (pid 4456)
Compiled blueprint/src/print.css  (0ms)  (pid 4456)
Compiled blueprint/src/reset.css  (0ms)  (pid 4456)
Compiled blueprint/src/typography.css  (0ms)  (pid 4456)
Compiled books.css  (16ms)  (pid 4456)
Compiled custom.css  (0ms)  (pid 4456)
Compiled pages.css  (2ms)  (pid 4456)
Compiled scaffolds.css  (27ms)  (pid 4456)
Compiled sessions.css  (2ms)  (pid 4456)
Compiled users.css  (3ms)  (pid 4456)
Compiled application.js  (9ms)  (pid 4444)
Compiled jquery.js  (21ms)  (pid 4444)
Compiled jquery_ujs.js  (8ms)  (pid 4444)
Compiled books.js  (373ms)  (pid 4444)
Compiled pages.js  (149ms)  (pid 4444)
Compiled sessions.js  (142ms)  (pid 4444)
Compiled users.js  (200ms)  (pid 4444)
Compiled application.css  (32ms)  (pid 4444)
Compiled blueprint/ie.css  (1ms)  (pid 4444)
Compiled blueprint/plugins/buttons/screen.css  (0ms)  (pid 4444)
Compiled blueprint/plugins/fancy-type/screen.css  (0ms)  (pid 4444)
Compiled blueprint/plugins/link-icons/screen.css  (1ms)  (pid 4444)
Compiled blueprint/plugins/rtl/screen.css  (0ms)  (pid 4444)
Compiled blueprint/print.css  (1ms)  (pid 4444)
Compiled blueprint/screen.css  (0ms)  (pid 4444)
Compiled blueprint/src/forms.css  (0ms)  (pid 4444)
Compiled blueprint/src/grid.css  (0ms)  (pid 4444)
Compiled blueprint/src/ie.css  (1ms)  (pid 4444)
Compiled blueprint/src/print.css  (0ms)  (pid 4444)
Compiled blueprint/src/reset.css  (0ms)  (pid 4444)
Compiled blueprint/src/typography.css  (0ms)  (pid 4444)
Compiled books.css  (22ms)  (pid 4444)
Compiled custom.css  (0ms)  (pid 4444)
Compiled pages.css  (2ms)  (pid 4444)
Compiled scaffolds.css  (30ms)  (pid 4444)
Compiled sessions.css  (2ms)  (pid 4444)
Compiled users.css  (8ms)  (pid 4444)
Compiled application.js  (7ms)  (pid 4499)
Compiled jquery.js  (56ms)  (pid 4499)
Compiled jquery_ujs.js  (0ms)  (pid 4499)
Compiled books.js  (172ms)  (pid 4499)
Compiled pages.js  (175ms)  (pid 4499)
Compiled sessions.js  (139ms)  (pid 4499)
Compiled users.js  (194ms)  (pid 4499)
Compiled application.css  (21ms)  (pid 4499)
Compiled blueprint/ie.css  (0ms)  (pid 4499)
Compiled blueprint/plugins/buttons/screen.css  (0ms)  (pid 4499)
Compiled blueprint/plugins/fancy-type/screen.css  (0ms)  (pid 4499)
Compiled blueprint/plugins/link-icons/screen.css  (0ms)  (pid 4499)
Compiled blueprint/plugins/rtl/screen.css  (0ms)  (pid 4499)
Compiled blueprint/print.css  (0ms)  (pid 4499)
Compiled blueprint/screen.css  (0ms)  (pid 4499)
Compiled blueprint/src/forms.css  (0ms)  (pid 4499)
Compiled blueprint/src/grid.css  (0ms)  (pid 4499)
Compiled blueprint/src/ie.css  (0ms)  (pid 4499)
Compiled blueprint/src/print.css  (0ms)  (pid 4499)
Compiled blueprint/src/reset.css  (0ms)  (pid 4499)
Compiled blueprint/src/typography.css  (0ms)  (pid 4499)
Compiled books.css  (15ms)  (pid 4499)
Compiled custom.css  (0ms)  (pid 4499)
Compiled pages.css  (2ms)  (pid 4499)
Compiled scaffolds.css  (20ms)  (pid 4499)
Compiled sessions.css  (2ms)  (pid 4499)
Compiled users.css  (1ms)  (pid 4499)
Compiled application.js  (7ms)  (pid 4488)
Compiled jquery.js  (5ms)  (pid 4488)
Compiled jquery_ujs.js  (0ms)  (pid 4488)
Compiled books.js  (187ms)  (pid 4488)
Compiled pages.js  (172ms)  (pid 4488)
Compiled sessions.js  (126ms)  (pid 4488)
Compiled users.js  (185ms)  (pid 4488)
Compiled application.css  (29ms)  (pid 4488)
Compiled blueprint/ie.css  (0ms)  (pid 4488)
Compiled blueprint/plugins/buttons/screen.css  (0ms)  (pid 4488)
Compiled blueprint/plugins/fancy-type/screen.css  (0ms)  (pid 4488)
Compiled blueprint/plugins/link-icons/screen.css  (0ms)  (pid 4488)
Compiled blueprint/plugins/rtl/screen.css  (2ms)  (pid 4488)
Compiled blueprint/print.css  (0ms)  (pid 4488)
Compiled blueprint/screen.css  (3ms)  (pid 4488)
Compiled blueprint/src/forms.css  (1ms)  (pid 4488)
Compiled blueprint/src/grid.css  (0ms)  (pid 4488)
Compiled blueprint/src/ie.css  (0ms)  (pid 4488)
Compiled blueprint/src/print.css  (0ms)  (pid 4488)
Compiled blueprint/src/reset.css  (0ms)  (pid 4488)
Compiled blueprint/src/typography.css  (0ms)  (pid 4488)
Compiled books.css  (25ms)  (pid 4488)
Compiled custom.css  (0ms)  (pid 4488)
Compiled pages.css  (2ms)  (pid 4488)
Compiled scaffolds.css  (23ms)  (pid 4488)
Compiled sessions.css  (2ms)  (pid 4488)
Compiled users.css  (4ms)  (pid 4488)
Compiled application.js  (11ms)  (pid 4703)
Compiled jquery.js  (48ms)  (pid 4703)
Compiled jquery_ujs.js  (0ms)  (pid 4703)
Compiled books.js  (156ms)  (pid 4703)
Compiled pages.js  (127ms)  (pid 4703)
Compiled sessions.js  (148ms)  (pid 4703)
Compiled users.js  (173ms)  (pid 4703)
Compiled application.css  (20ms)  (pid 4703)
Compiled blueprint/ie.css  (47ms)  (pid 4703)
Compiled blueprint/plugins/buttons/screen.css  (0ms)  (pid 4703)
Compiled blueprint/plugins/fancy-type/screen.css  (0ms)  (pid 4703)
Compiled blueprint/plugins/link-icons/screen.css  (0ms)  (pid 4703)
Compiled blueprint/plugins/rtl/screen.css  (0ms)  (pid 4703)
Compiled blueprint/print.css  (0ms)  (pid 4703)
Compiled blueprint/screen.css  (0ms)  (pid 4703)
Compiled blueprint/src/forms.css  (0ms)  (pid 4703)
Compiled blueprint/src/grid.css  (0ms)  (pid 4703)
Compiled blueprint/src/ie.css  (0ms)  (pid 4703)
Compiled blueprint/src/print.css  (0ms)  (pid 4703)
Compiled blueprint/src/reset.css  (0ms)  (pid 4703)
Compiled blueprint/src/typography.css  (0ms)  (pid 4703)
Compiled books.css  (24ms)  (pid 4703)
Compiled custom.css  (0ms)  (pid 4703)
Compiled pages.css  (1ms)  (pid 4703)
Compiled scaffolds.css  (116ms)  (pid 4703)
Compiled sessions.css  (2ms)  (pid 4703)
Compiled users.css  (1ms)  (pid 4703)
Compiled application.js  (7ms)  (pid 4692)
Compiled jquery.js  (6ms)  (pid 4692)
Compiled jquery_ujs.js  (0ms)  (pid 4692)
Compiled books.js  (203ms)  (pid 4692)
Compiled pages.js  (163ms)  (pid 4692)
Compiled sessions.js  (129ms)  (pid 4692)
Compiled users.js  (180ms)  (pid 4692)
Compiled application.css  (22ms)  (pid 4692)
Compiled blueprint/ie.css  (0ms)  (pid 4692)
Compiled blueprint/plugins/buttons/screen.css  (0ms)  (pid 4692)
Compiled blueprint/plugins/fancy-type/screen.css  (1ms)  (pid 4692)
Compiled blueprint/plugins/link-icons/screen.css  (0ms)  (pid 4692)
Compiled blueprint/plugins/rtl/screen.css  (0ms)  (pid 4692)
Compiled blueprint/print.css  (0ms)  (pid 4692)
Compiled blueprint/screen.css  (0ms)  (pid 4692)
Compiled blueprint/src/forms.css  (0ms)  (pid 4692)
Compiled blueprint/src/grid.css  (0ms)  (pid 4692)
Compiled blueprint/src/ie.css  (0ms)  (pid 4692)
Compiled blueprint/src/print.css  (0ms)  (pid 4692)
Compiled blueprint/src/reset.css  (0ms)  (pid 4692)
Compiled blueprint/src/typography.css  (0ms)  (pid 4692)
Compiled books.css  (19ms)  (pid 4692)
Compiled custom.css  (6ms)  (pid 4692)
Compiled pages.css  (10ms)  (pid 4692)
Compiled scaffolds.css  (25ms)  (pid 4692)
Compiled sessions.css  (2ms)  (pid 4692)
Compiled users.css  (2ms)  (pid 4692)
